Arguments: 
  /usr/local/bin/node /usr/local/bin/yarn

PATH: 
  /Library/Frameworks/Python.framework/Versions/2.7/bin:/usr/local/bin:/usr/bin:/bin:/usr/sbin:/sbin:/usr/local/git/bin

Yarn version: 
  0.24.6

Node version: 
  6.9.4

Platform: 
  darwin x64

npm manifest: 
  {
    "name": "resume",
    "version": "1.0.0",
    "description": "",
    "main": "server.js",
    "scripts": {
      "start": "node server.js",
      "webpack": "webpack --watch",
      "deploy": "gh-pages"
    },
    "author": "",
    "license": "ISC",
    "dependencies": {
      "dotenv": "^4.0.0",
      "express": "^4.16.2",
      "gh-pages": "^1.1.0",
      "html-webpack-plugin": "^2.30.1",
      "path": "^0.12.7",
      "react": "^16.2.0",
      "react-bootstrap": "^0.31.5",
      "react-dom": "^16.2.0",
      "react-router-dom": "^4.2.2",
      "socket.io": "^2.0.4",
      "webpack": "^3.10.0",
      "webpack-dev-server": "^2.9.7"
    },
    "devDependencies": {
      "babel-core": "^6.26.0",
      "babel-jest": "^21.2.0",
      "babel-loader": "^7.1.2",
      "babel-plugin-transform-es2015-arrow-functions": "^6.22.0",
      "babel-plugin-transform-object-rest-spread": "^6.26.0",
      "babel-preset-es2015": "^6.24.1",
      "babel-preset-react": "^6.24.1",
      "babel-preset-stage-0": "^6.24.1",
      "css-loader": "^0.28.7",
      "style-loader": "^0.19.0"
    }
  }

yarn manifest: 
  No manifest

Lockfile: 
  # THIS IS AN AUTOGENERATED FILE. DO NOT EDIT THIS FILE DIRECTLY.
  # yarn lockfile v1

Trace: 
  Error: https://registry.yarnpkg.com/braces/-/braces-2.3.0.tgz: ETIMEDOUT
      at Timeout._onTimeout (/usr/local/Cellar/yarn/0.24.6/libexec/lib/yarn-cli.js:108518:19)
      at ontimeout (timers.js:365:14)
      at tryOnTimeout (timers.js:237:5)
      at Timer.listOnTimeout (timers.js:207:5)
